Determining if the pthread_create exist failed with the following output:
Change Dir: /home/brend/BCCancer/CollisionChecker/build/CMakeFiles/CMakeTmp

Run Build Command:"/usr/bin/make" "cmTC_68e61/fast"
/usr/bin/make -f CMakeFiles/cmTC_68e61.dir/build.make CMakeFiles/cmTC_68e61.dir/build
make[1]: Entering directory '/home/brend/BCCancer/CollisionChecker/build/CMakeFiles/CMakeTmp'
Building C object CMakeFiles/cmTC_68e61.dir/CheckSymbolExists.c.o
/usr/bin/cc    -o CMakeFiles/cmTC_68e61.dir/CheckSymbolExists.c.o   -c /home/brend/BCCancer/CollisionChecker/build/CMakeFiles/CMakeTmp/CheckSymbolExists.c
Linking C executable cmTC_68e61
/usr/bin/cmake -E cmake_link_script CMakeFiles/cmTC_68e61.dir/link.txt --verbose=1
/usr/bin/cc      -rdynamic CMakeFiles/cmTC_68e61.dir/CheckSymbolExists.c.o  -o cmTC_68e61 
CMakeFiles/cmTC_68e61.dir/CheckSymbolExists.c.o: In function `main':
CheckSymbolExists.c:(.text+0x1b): undefined reference to `pthread_create'
collect2: error: ld returned 1 exit status
CMakeFiles/cmTC_68e61.dir/build.make:97: recipe for target 'cmTC_68e61' failed
make[1]: *** [cmTC_68e61] Error 1
make[1]: Leaving directory '/home/brend/BCCancer/CollisionChecker/build/CMakeFiles/CMakeTmp'
Makefile:126: recipe for target 'cmTC_68e61/fast' failed
make: *** [cmTC_68e61/fast] Error 2

File /home/brend/BCCancer/CollisionChecker/build/CMakeFiles/CMakeTmp/CheckSymbolExists.c:
/* */
#include <pthread.h>

int main(int argc, char** argv)
{
  (void)argv;
#ifndef pthread_create
  return ((int*)(&pthread_create))[argc];
#else
  (void)argc;
  return 0;
#endif
}

Determining if the function pthread_create exists in the pthreads failed with the following output:
Change Dir: /home/brend/BCCancer/CollisionChecker/build/CMakeFiles/CMakeTmp

Run Build Command:"/usr/bin/make" "cmTC_31c33/fast"
/usr/bin/make -f CMakeFiles/cmTC_31c33.dir/build.make CMakeFiles/cmTC_31c33.dir/build
make[1]: Entering directory '/home/brend/BCCancer/CollisionChecker/build/CMakeFiles/CMakeTmp'
Building C object CMakeFiles/cmTC_31c33.dir/CheckFunctionExists.c.o
/usr/bin/cc   -DCHECK_FUNCTION_EXISTS=pthread_create   -o CMakeFiles/cmTC_31c33.dir/CheckFunctionExists.c.o   -c /usr/share/cmake-3.10/Modules/CheckFunctionExists.c
Linking C executable cmTC_31c33
/usr/bin/cmake -E cmake_link_script CMakeFiles/cmTC_31c33.dir/link.txt --verbose=1
/usr/bin/cc  -DCHECK_FUNCTION_EXISTS=pthread_create    -rdynamic CMakeFiles/cmTC_31c33.dir/CheckFunctionExists.c.o  -o cmTC_31c33 -lpthreads 
/usr/bin/ld: cannot find -lpthreads
collect2: error: ld returned 1 exit status
CMakeFiles/cmTC_31c33.dir/build.make:97: recipe for target 'cmTC_31c33' failed
make[1]: *** [cmTC_31c33] Error 1
make[1]: Leaving directory '/home/brend/BCCancer/CollisionChecker/build/CMakeFiles/CMakeTmp'
Makefile:126: recipe for target 'cmTC_31c33/fast' failed
make: *** [cmTC_31c33/fast] Error 2


Performing C++ SOURCE FILE Test COMPILER_SUPPORTS_CXX11 failed with the following output:

Source file was:
int main() { return 0; }
Performing C++ SOURCE FILE Test COMPILER_SUPPORTS_CXX0X failed with the following output:

Source file was:
int main() { return 0; }
